<?xml version='1.0' encoding='UTF-8'?>
<testsuite hostname="princewills-MBP" name="test.IntegrationSpec" tests="1" errors="0" failures="1" time="-0.001">
                <properties>
[...]
</properties>
                <testcase classname="test.IntegrationSpec" name="(It is not a test)" time="-0.001"> <failure message="'&lt;?xml version=&quot;1.0&quot; encoding=&quot;UTF-8&quot;?&gt;
&lt;html&gt;
  &lt;head&gt;
    &lt;title&gt;
      Execution exception
    &lt;/title&gt;
    &lt;link rel=&quot;shortcut icon&quot; href=&quot;data:image/png;base64,iVBORw0KGgoAAAANSUhEUgAAABAAAAAQCAYAAAAf8/9hAAAAGXRFWHRTb2Z0d2FyZQBBZG9iZSBJbWFnZVJlYWR5ccllPAAAAlFJREFUeNqUU8tOFEEUPVVdNV3dPe8xYRBnjGhmBgKjKzCIiQvBoIaNbly5Z+PSv3Aj7DSiP2B0rwkLGVdGgxITSCRIJGSMEQWZR3eVt5sEFBgTb/dN1yvnnHtPNTPG4PqdHgCMXnPRSZrpSuH8vUJu4DE4rYHDGAZDX62BZttHqTiIayM3gGiXQsgYLEvATaqxU+dy1U13YXapXptpNHY8iwn8KyIAzm1KBdtRZWErpI5lEWTXp5Z/vHpZ3/wyKKwYGGOdAYwR0EZwoezTYApBEIObyELl/aE1/83cp40Pt5mxqCKrE4Ck+mVWKKcI5tA8BLEhRBKJLjez6a7MLq7XZtp+yyOawwCBtkiBVZDKzRk4NN7NQBMYPHiZDFhXY+p9ff7F961vVcnl4R5I2ykJ5XFN7Ab7Gc61VoipNBKF+PDyztu5lfrSLT/wIwCxq0CAGtXHZTzqR2jtwQiXONma6hHpj9sLT7YaPxfTXuZdBGA02Wi7FS48YiTfj+i2NhqtdhP5RC8mh2/Op7y0v6eAcWVLFT8D7kWX5S9mepp+C450MV6aWL1cGnvkxbwHtLW2B9AOkLeUd9KEDuh9fl/7CEj7YH5g+3r/lWfF9In7tPz6T4IIwBJOr1SJyIGQMZQbsh5P9uBq5VJtqHh2mo49pdw5WFoEwKWqWHacaWOjQXWGcifKo6vj5RGS6zykI587XeUIQDqJSmAp+lE4qt19W5P9o8+Lma5DcjsC8JiT607lMVkdqQ0Vyh3lHhmh52tfNy78ajXv0rgYzv8nfwswANuk+7sD/Q0aAAAAAElFTkSuQmCC&quot;/&gt;
    &lt;style&gt;
      
		    html, body, pre {
		        margin: 0;
		        padding: 0;
		        font-family: Monaco, 'Lucida Console', monospace;
		        background: #ECECEC;
		    }
		    h1 {
		        margin: 0;
		        background: #A31012;
		        padding: 20px 45px;
		        color: #fff;
		        text-shadow: 1px 1px 1px rgba(0,0,0,.3);
		        border-bottom: 1px solid #690000;
		        font-size: 28px;
		    }
            a {
                color: #D36D6D;
            }
            p#detail {
		        margin: 0;
		        padding: 15px 45px;
		        background: #F5A0A0;
		        border-top: 4px solid #D36D6D;
		        color: #730000;
		        text-shadow: 1px 1px 1px rgba(255,255,255,.3);
		        font-size: 14px;
		        border-bottom: 1px solid #BA7A7A;
		    }
		    p#detail.pre {
		    	white-space: pre;
		    	font-size: 13px;
		    	overflow: auto;
		    }
		    p#detail input {
		        background: -webkit-gradient(linear, 0% 0%, 0% 100%, from(#AE1113), to(#A31012));
                border: 1px solid #790000;
                padding: 3px 10px;
                text-shadow: 1px 1px 0 rgba(0, 0, 0, .5);
                color: white;
                border-radius: 3px;
                cursor: pointer;
                font-family: Monaco, 'Lucida Console';
                font-size: 12px;
                margin: 0 10px;
                display: inline-block;
                position: relative;
                top: -1px;
		    }
		    h2 {
		        margin: 0;
		        padding: 5px 45px;
		        font-size: 12px;
		        background: #333;
		        color: #fff;
		        text-shadow: 1px 1px 1px rgba(0,0,0,.3);
		        border-top: 4px solid #2a2a2a;
		    }
			pre {
				margin: 0;
				border-bottom: 1px solid #DDD;
				text-shadow: 1px 1px 1px rgba(255,255,255,.5);
				position: relative;
				font-size: 12px;
			}
			pre span.line {
			    text-align: right;
			    display: inline-block;
			    padding: 5px 5px;
			    width: 30px;
			    background: #D6D6D6;
			    color: #8B8B8B;
			    text-shadow: 1px 1px 1px rgba(255,255,255,.5);
			    font-weight: bold;
			}
			pre span.code {
			    padding: 5px 5px;
			    position: absolute;
			    right: 0;
			    left: 40px;
			}
			pre:first-child span.code {
			    border-top: 4px solid #CDCDCD;
			}
			pre:first-child span.line {
			    border-top: 4px solid #B6B6B6;
			}
			pre.error span.line {
			    background: #A31012;
			    color: #fff;
			    text-shadow: 1px 1px 1px rgba(0,0,0,.3);
			}
			pre.error {
				color: #A31012;
			}
			pre.error span.marker {
				background: #A31012;
				color: #fff;
				text-shadow: 1px 1px 1px rgba(0,0,0,.3);
			}
		
    &lt;/style&gt;
  &lt;/head&gt;
  &lt;body id=&quot;play-error-page&quot;&gt;
    &lt;h1&gt;
      Execution exception
    &lt;/h1&gt;
    &lt;p id=&quot;detail&quot; class=&quot;pre&quot;&gt;
      [Exception: Someone snipped the network cable!]
    &lt;/p&gt;
  &lt;/body&gt;
&lt;/html&gt;
' doesn't contain 'Invalid Product'" type="sbt.ForkMain$ForkError">sbt.ForkMain$ForkError: '&lt;?xml version=&quot;1.0&quot; encoding=&quot;UTF-8&quot;?&gt;
&lt;html&gt;
  &lt;head&gt;
    &lt;title&gt;
      Execution exception
    &lt;/title&gt;
    &lt;link rel=&quot;shortcut icon&quot; href=&quot;data:image/png;base64,iVBORw0KGgoAAAANSUhEUgAAABAAAAAQCAYAAAAf8/9hAAAAGXRFWHRTb2Z0d2FyZQBBZG9iZSBJbWFnZVJlYWR5ccllPAAAAlFJREFUeNqUU8tOFEEUPVVdNV3dPe8xYRBnjGhmBgKjKzCIiQvBoIaNbly5Z+PSv3Aj7DSiP2B0rwkLGVdGgxITSCRIJGSMEQWZR3eVt5sEFBgTb/dN1yvnnHtPNTPG4PqdHgCMXnPRSZrpSuH8vUJu4DE4rYHDGAZDX62BZttHqTiIayM3gGiXQsgYLEvATaqxU+dy1U13YXapXptpNHY8iwn8KyIAzm1KBdtRZWErpI5lEWTXp5Z/vHpZ3/wyKKwYGGOdAYwR0EZwoezTYApBEIObyELl/aE1/83cp40Pt5mxqCKrE4Ck+mVWKKcI5tA8BLEhRBKJLjez6a7MLq7XZtp+yyOawwCBtkiBVZDKzRk4NN7NQBMYPHiZDFhXY+p9ff7F961vVcnl4R5I2ykJ5XFN7Ab7Gc61VoipNBKF+PDyztu5lfrSLT/wIwCxq0CAGtXHZTzqR2jtwQiXONma6hHpj9sLT7YaPxfTXuZdBGA02Wi7FS48YiTfj+i2NhqtdhP5RC8mh2/Op7y0v6eAcWVLFT8D7kWX5S9mepp+C450MV6aWL1cGnvkxbwHtLW2B9AOkLeUd9KEDuh9fl/7CEj7YH5g+3r/lWfF9In7tPz6T4IIwBJOr1SJyIGQMZQbsh5P9uBq5VJtqHh2mo49pdw5WFoEwKWqWHacaWOjQXWGcifKo6vj5RGS6zykI587XeUIQDqJSmAp+lE4qt19W5P9o8+Lma5DcjsC8JiT607lMVkdqQ0Vyh3lHhmh52tfNy78ajXv0rgYzv8nfwswANuk+7sD/Q0aAAAAAElFTkSuQmCC&quot;/&gt;
    &lt;style&gt;
      
		    html, body, pre {
		        margin: 0;
		        padding: 0;
		        font-family: Monaco, 'Lucida Console', monospace;
		        background: #ECECEC;
		    }
		    h1 {
		        margin: 0;
		        background: #A31012;
		        padding: 20px 45px;
		        color: #fff;
		        text-shadow: 1px 1px 1px rgba(0,0,0,.3);
		        border-bottom: 1px solid #690000;
		        font-size: 28px;
		    }
            a {
                color: #D36D6D;
            }
            p#detail {
		        margin: 0;
		        padding: 15px 45px;
		        background: #F5A0A0;
		        border-top: 4px solid #D36D6D;
		        color: #730000;
		        text-shadow: 1px 1px 1px rgba(255,255,255,.3);
		        font-size: 14px;
		        border-bottom: 1px solid #BA7A7A;
		    }
		    p#detail.pre {
		    	white-space: pre;
		    	font-size: 13px;
		    	overflow: auto;
		    }
		    p#detail input {
		        background: -webkit-gradient(linear, 0% 0%, 0% 100%, from(#AE1113), to(#A31012));
                border: 1px solid #790000;
                padding: 3px 10px;
                text-shadow: 1px 1px 0 rgba(0, 0, 0, .5);
                color: white;
                border-radius: 3px;
                cursor: pointer;
                font-family: Monaco, 'Lucida Console';
                font-size: 12px;
                margin: 0 10px;
                display: inline-block;
                position: relative;
                top: -1px;
		    }
		    h2 {
		        margin: 0;
		        padding: 5px 45px;
		        font-size: 12px;
		        background: #333;
		        color: #fff;
		        text-shadow: 1px 1px 1px rgba(0,0,0,.3);
		        border-top: 4px solid #2a2a2a;
		    }
			pre {
				margin: 0;
				border-bottom: 1px solid #DDD;
				text-shadow: 1px 1px 1px rgba(255,255,255,.5);
				position: relative;
				font-size: 12px;
			}
			pre span.line {
			    text-align: right;
			    display: inline-block;
			    padding: 5px 5px;
			    width: 30px;
			    background: #D6D6D6;
			    color: #8B8B8B;
			    text-shadow: 1px 1px 1px rgba(255,255,255,.5);
			    font-weight: bold;
			}
			pre span.code {
			    padding: 5px 5px;
			    position: absolute;
			    right: 0;
			    left: 40px;
			}
			pre:first-child span.code {
			    border-top: 4px solid #CDCDCD;
			}
			pre:first-child span.line {
			    border-top: 4px solid #B6B6B6;
			}
			pre.error span.line {
			    background: #A31012;
			    color: #fff;
			    text-shadow: 1px 1px 1px rgba(0,0,0,.3);
			}
			pre.error {
				color: #A31012;
			}
			pre.error span.marker {
				background: #A31012;
				color: #fff;
				text-shadow: 1px 1px 1px rgba(0,0,0,.3);
			}
		
    &lt;/style&gt;
  &lt;/head&gt;
  &lt;body id=&quot;play-error-page&quot;&gt;
    &lt;h1&gt;
      Execution exception
    &lt;/h1&gt;
    &lt;p id=&quot;detail&quot; class=&quot;pre&quot;&gt;
      [Exception: Someone snipped the network cable!]
    &lt;/p&gt;
  &lt;/body&gt;
&lt;/html&gt;
' doesn't contain 'Invalid Product'
	at test.IntegrationSpec$$anonfun$1$$anonfun$apply$1$$anonfun$apply$2.apply(IntegrationSpec.scala:29)
	at test.IntegrationSpec$$anonfun$1$$anonfun$apply$1$$anonfun$apply$2.apply(IntegrationSpec.scala:17)
	at play.api.test.PlayRunners$class.running(Helpers.scala:86)
	at play.api.test.Helpers$.running(Helpers.scala:403)
	at play.api.test.PlayRunners$class.running(Helpers.scala:74)
	at play.api.test.Helpers$.running(Helpers.scala:403)
	at test.IntegrationSpec$$anonfun$1$$anonfun$apply$1.apply(IntegrationSpec.scala:17)
	at test.IntegrationSpec$$anonfun$1$$anonfun$apply$1.apply(IntegrationSpec.scala:17)
</failure>
                    </testcase>
                <system-out></system-out>
                <system-err></system-err>
                </testsuite>